This file contains any messages produced by compilers while
running configure, to aid debugging if configure makes a mistake.

It was created by configure, which was
generated by GNU Autoconf 2.65.  Invocation command line was

  $ ./configure 

## --------- ##
## Platform. ##
## --------- ##

hostname = pranavs-MacBook-Pro.local
uname -m = x86_64
uname -r = 13.3.0
uname -s = Darwin
uname -v = Darwin Kernel Version 13.3.0: Tue Jun  3 21:27:35 PDT 2014; root:xnu-2422.110.17~1/RELEASE_X86_64

/usr/bin/uname -p = i386
/bin/uname -X     = unknown

/bin/arch              = unknown
/usr/bin/arch -k       = unknown
/usr/convex/getsysinfo = unknown
/usr/bin/hostinfo      = Mach kernel version:
	 Darwin Kernel Version 13.3.0: Tue Jun  3 21:27:35 PDT 2014; root:xnu-2422.110.17~1/RELEASE_X86_64
Kernel configured for up to 4 processors.
2 processors are physically available.
4 processors are logically available.
Processor type: i486 (Intel 80486)
Processors active: 0 1 2 3
Primary memory available: 4.00 gigabytes
Default processor set: 213 tasks, 796 threads, 4 processors
Load average: 1.22, Mach factor: 2.92
/bin/machine           = unknown
/usr/bin/oslevel       = unknown
/bin/universe          = unknown

PATH: /usr/local/bin
PATH: /usr/bin
PATH: /bin
PATH: /usr/sbin
PATH: /sbin
PATH: /usr/local/bin


## ----------- ##
## Core tests. ##
## ----------- ##

configure:2539: checking for a BSD-compatible install
configure:2607: result: /usr/bin/install -c
configure:2618: checking whether build environment is sane
configure:2668: result: yes
configure:2696: WARNING: `missing' script is too old or missing
configure:2809: checking for a thread-safe mkdir -p
configure:2848: result: ./install-sh -c -d
configure:2861: checking for gawk
configure:2891: result: no
configure:2861: checking for mawk
configure:2891: result: no
configure:2861: checking for nawk
configure:2891: result: no
configure:2861: checking for awk
configure:2877: found /usr/bin/awk
configure:2888: result: awk
configure:2899: checking whether make sets $(MAKE)
configure:2921: result: yes
configure:3094: checking build system type
configure:3108: result: i686-apple-darwin13.3.0
configure:3128: checking host system type
configure:3141: result: i686-apple-darwin13.3.0
configure:3221: checking for g++
configure:3237: found /usr/local/bin/g++
configure:3248: result: g++
configure:3275: checking for C++ compiler version
configure:3284: g++ --version >&5
g++ (Homebrew gcc 4.9.1) 4.9.1
Copyright (C) 2014 Free Software Foundation, Inc.
This is free software; see the source for copying conditions.  There is NO
warranty; not even for MERCHANTABILITY or FITNESS FOR A PARTICULAR PURPOSE.

configure:3295: $? = 0
configure:3284: g++ -v >&5
Using built-in specs.
COLLECT_GCC=g++
COLLECT_LTO_WRAPPER=/usr/local/Cellar/gcc/4.9.1/libexec/gcc/x86_64-apple-darwin13.3.0/4.9.1/lto-wrapper
Target: x86_64-apple-darwin13.3.0
Configured with: ../configure --build=x86_64-apple-darwin13.3.0 --prefix=/usr/local/Cellar/gcc/4.9.1 --enable-languages=c,c++,objc,obj-c++,fortran --program-suffix=-4.9 --with-gmp=/usr/local/opt/gmp --with-mpfr=/usr/local/opt/mpfr --with-mpc=/usr/local/opt/libmpc --with-cloog=/usr/local/opt/cloog --with-isl=/usr/local/opt/isl --with-system-zlib --enable-version-specific-runtime-libs --enable-libstdcxx-time=yes --enable-stage1-checking --enable-checking=release --enable-lto --disable-werror --with-pkgversion='Homebrew gcc 4.9.1' --with-bugurl=https://github.com/Homebrew/homebrew/issues --enable-plugin --disable-nls --enable-multilib
Thread model: posix
gcc version 4.9.1 (Homebrew gcc 4.9.1) 
configure:3295: $? = 0
configure:3284: g++ -V >&5
g++: error: unrecognized command line option '-V'
g++: fatal error: no input files
compilation terminated.
configure:3295: $? = 1
configure:3284: g++ -qversion >&5
g++: error: unrecognized command line option '-qversion'
g++: fatal error: no input files
compilation terminated.
configure:3295: $? = 1
configure:3315: checking whether the C++ compiler works
configure:3337: g++    conftest.cpp  >&5
configure:3341: $? = 0
configure:3390: result: yes
configure:3393: checking for C++ compiler default output file name
configure:3395: result: a.out
configure:3401: checking for suffix of executables
configure:3408: g++ -o conftest    conftest.cpp  >&5
configure:3412: $? = 0
configure:3434: result: 
configure:3456: checking whether we are cross compiling
configure:3464: g++ -o conftest    conftest.cpp  >&5
configure:3468: $? = 0
configure:3475: ./conftest
configure:3479: $? = 0
configure:3494: result: no
configure:3499: checking for suffix of object files
configure:3521: g++ -c   conftest.cpp >&5
configure:3525: $? = 0
configure:3546: result: o
configure:3550: checking whether we are using the GNU C++ compiler
configure:3569: g++ -c   conftest.cpp >&5
configure:3569: $? = 0
configure:3578: result: yes
configure:3587: checking whether g++ accepts -g
configure:3607: g++ -c -g  conftest.cpp >&5
configure:3607: $? = 0
configure:3648: result: yes
configure:3682: checking for style of include used by make
configure:3710: result: GNU
configure:3735: checking dependency style of g++
configure:3845: result: gcc3
configure:3933: checking for gcc
configure:3949: found /usr/local/bin/gcc
configure:3960: result: gcc
configure:4189: checking for C compiler version
configure:4198: gcc --version >&5
gcc (Homebrew gcc 4.9.1) 4.9.1
Copyright (C) 2014 Free Software Foundation, Inc.
This is free software; see the source for copying conditions.  There is NO
warranty; not even for MERCHANTABILITY or FITNESS FOR A PARTICULAR PURPOSE.

configure:4209: $? = 0
configure:4198: gcc -v >&5
Using built-in specs.
COLLECT_GCC=gcc
COLLECT_LTO_WRAPPER=/usr/local/Cellar/gcc/4.9.1/libexec/gcc/x86_64-apple-darwin13.3.0/4.9.1/lto-wrapper
Target: x86_64-apple-darwin13.3.0
Configured with: ../configure --build=x86_64-apple-darwin13.3.0 --prefix=/usr/local/Cellar/gcc/4.9.1 --enable-languages=c,c++,objc,obj-c++,fortran --program-suffix=-4.9 --with-gmp=/usr/local/opt/gmp --with-mpfr=/usr/local/opt/mpfr --with-mpc=/usr/local/opt/libmpc --with-cloog=/usr/local/opt/cloog --with-isl=/usr/local/opt/isl --with-system-zlib --enable-version-specific-runtime-libs --enable-libstdcxx-time=yes --enable-stage1-checking --enable-checking=release --enable-lto --disable-werror --with-pkgversion='Homebrew gcc 4.9.1' --with-bugurl=https://github.com/Homebrew/homebrew/issues --enable-plugin --disable-nls --enable-multilib
Thread model: posix
gcc version 4.9.1 (Homebrew gcc 4.9.1) 
configure:4209: $? = 0
configure:4198: gcc -V >&5
gcc: error: unrecognized command line option '-V'
gcc: fatal error: no input files
compilation terminated.
configure:4209: $? = 1
configure:4198: gcc -qversion >&5
gcc: error: unrecognized command line option '-qversion'
gcc: fatal error: no input files
compilation terminated.
configure:4209: $? = 1
configure:4213: checking whether we are using the GNU C compiler
configure:4232: gcc -c   conftest.c >&5
configure:4232: $? = 0
configure:4241: result: yes
configure:4250: checking whether gcc accepts -g
configure:4270: gcc -c -g  conftest.c >&5
configure:4270: $? = 0
configure:4311: result: yes
configure:4328: checking for gcc option to accept ISO C89
configure:4392: gcc  -c -g -O2  conftest.c >&5
configure:4392: $? = 0
configure:4405: result: none needed
configure:4427: checking dependency style of gcc
configure:4537: result: gcc3
configure:4552: checking for a sed that does not truncate output
configure:4616: result: /usr/bin/sed
configure:4634: checking for grep that handles long lines and -e
configure:4692: result: /usr/bin/grep
configure:4697: checking for egrep
configure:4759: result: /usr/bin/grep -E
configure:4764: checking for fgrep
configure:4826: result: /usr/bin/grep -F
configure:4861: checking for ld used by gcc
configure:4928: result: /usr/bin/ld
configure:4935: checking if the linker (/usr/bin/ld) is GNU ld
configure:4950: result: no
configure:4962: checking for BSD- or MS-compatible name lister (nm)
configure:5011: result: /usr/bin/nm
configure:5129: checking the name lister (/usr/bin/nm) interface
configure:5136: gcc -c -g -O2  conftest.c >&5
configure:5139: /usr/bin/nm "conftest.o"
configure:5142: output
00000000000001a0 S _some_variable
configure:5149: result: BSD nm
configure:5152: checking whether ln -s works
configure:5156: result: yes
configure:5164: checking the maximum length of command line arguments
configure:5284: result: 196608
configure:5301: checking whether the shell understands some XSI constructs
configure:5311: result: yes
configure:5315: checking whether the shell understands "+="
configure:5321: result: yes
configure:5356: checking for /usr/bin/ld option to reload object files
configure:5363: result: -r
configure:5432: checking for objdump
configure:5462: result: no
configure:5491: checking how to recognize dependent libraries
configure:5687: result: pass_all
configure:5747: checking for ar
configure:5763: found /usr/bin/ar
configure:5774: result: ar
configure:5852: checking for strip
configure:5868: found /usr/bin/strip
configure:5879: result: strip
configure:5951: checking for ranlib
configure:5967: found /usr/bin/ranlib
configure:5978: result: ranlib
configure:6068: checking command to parse /usr/bin/nm output from gcc object
configure:6186: gcc -c -g -O2  conftest.c >&5
configure:6189: $? = 0
configure:6193: /usr/bin/nm conftest.o \| sed -n -e 's/^.*[	 ]\([BCDEGRST][BCDEGRST]*\)[	 ][	 ]*\([_A-Za-z][_A-Za-z0-9]*\)$/\1 \2 \2/p' \> conftest.nm
configure:6196: $? = 0
cannot find nm_test_var in conftest.nm
configure:6186: gcc -c -g -O2  conftest.c >&5
configure:6189: $? = 0
configure:6193: /usr/bin/nm conftest.o \| sed -n -e 's/^.*[	 ]\([BCDEGRST][BCDEGRST]*\)[	 ][	 ]*_\([_A-Za-z][_A-Za-z0-9]*\)$/\1 _\2 \2/p' \> conftest.nm
configure:6196: $? = 0
configure:6250: gcc -o conftest -g -O2   conftest.c conftstm.o >&5
configure:6253: $? = 0
configure:6291: result: ok
configure:6556: checking for dsymutil
configure:6572: found /usr/bin/dsymutil
configure:6583: result: dsymutil
configure:6648: checking for nmedit
configure:6664: found /usr/bin/nmedit
configure:6675: result: nmedit
configure:6740: checking for lipo
configure:6756: found /usr/bin/lipo
configure:6767: result: lipo
configure:6832: checking for otool
configure:6848: found /usr/bin/otool
configure:6859: result: otool
configure:6924: checking for otool64
configure:6954: result: no
configure:6999: checking for -single_module linker flag
gcc -g -O2  -o libconftest.dylib -dynamiclib -Wl,-single_module conftest.c
configure:7026: result: yes
configure:7028: checking for -exported_symbols_list linker flag
configure:7048: gcc -o conftest -g -O2   -Wl,-exported_symbols_list,conftest.sym conftest.c  >&5
configure:7048: $? = 0
configure:7058: result: yes
configure:7100: checking how to run the C preprocessor
configure:7131: gcc -E  conftest.c
configure:7131: $? = 0
configure:7145: gcc -E  conftest.c
conftest.c:11:28: fatal error: ac_nonexistent.h: No such file or directory
 #include <ac_nonexistent.h>
                            ^
compilation terminated.
configure:7145: $? = 1
configure: failed program was:
| /* confdefs.h */
| #define PACKAGE_NAME ""
| #define PACKAGE_TARNAME ""
| #define PACKAGE_VERSION ""
| #define PACKAGE_STRING ""
| #define PACKAGE_BUGREPORT ""
| #define PACKAGE_URL ""
| #define PACKAGE "libsequence"
| #define VERSION "1.7.3"
| /* end confdefs.h.  */
| #include <ac_nonexistent.h>
configure:7170: result: gcc -E
configure:7190: gcc -E  conftest.c
configure:7190: $? = 0
configure:7204: gcc -E  conftest.c
conftest.c:11:28: fatal error: ac_nonexistent.h: No such file or directory
 #include <ac_nonexistent.h>
                            ^
compilation terminated.
configure:7204: $? = 1
configure: failed program was:
| /* confdefs.h */
| #define PACKAGE_NAME ""
| #define PACKAGE_TARNAME ""
| #define PACKAGE_VERSION ""
| #define PACKAGE_STRING ""
| #define PACKAGE_BUGREPORT ""
| #define PACKAGE_URL ""
| #define PACKAGE "libsequence"
| #define VERSION "1.7.3"
| /* end confdefs.h.  */
| #include <ac_nonexistent.h>
configure:7233: checking for ANSI C header files
configure:7253: gcc -c -g -O2  conftest.c >&5
configure:7253: $? = 0
configure:7326: gcc -o conftest -g -O2   conftest.c  >&5
configure:7326: $? = 0
configure:7326: ./conftest
configure:7326: $? = 0
configure:7337: result: yes
configure:7350: checking for sys/types.h
configure:7350: gcc -c -g -O2  conftest.c >&5
configure:7350: $? = 0
configure:7350: result: yes
configure:7350: checking for sys/stat.h
configure:7350: gcc -c -g -O2  conftest.c >&5
configure:7350: $? = 0
configure:7350: result: yes
configure:7350: checking for stdlib.h
configure:7350: gcc -c -g -O2  conftest.c >&5
configure:7350: $? = 0
configure:7350: result: yes
configure:7350: checking for string.h
configure:7350: gcc -c -g -O2  conftest.c >&5
configure:7350: $? = 0
configure:7350: result: yes
configure:7350: checking for memory.h
configure:7350: gcc -c -g -O2  conftest.c >&5
configure:7350: $? = 0
configure:7350: result: yes
configure:7350: checking for strings.h
configure:7350: gcc -c -g -O2  conftest.c >&5
configure:7350: $? = 0
configure:7350: result: yes
configure:7350: checking for inttypes.h
configure:7350: gcc -c -g -O2  conftest.c >&5
configure:7350: $? = 0
configure:7350: result: yes
configure:7350: checking for stdint.h
configure:7350: gcc -c -g -O2  conftest.c >&5
configure:7350: $? = 0
configure:7350: result: yes
configure:7350: checking for unistd.h
configure:7350: gcc -c -g -O2  conftest.c >&5
configure:7350: $? = 0
configure:7350: result: yes
configure:7365: checking for dlfcn.h
configure:7365: gcc -c -g -O2  conftest.c >&5
configure:7365: $? = 0
configure:7365: result: yes
configure:7490: checking for C++ compiler version
configure:7499: g++ --version >&5
g++ (Homebrew gcc 4.9.1) 4.9.1
Copyright (C) 2014 Free Software Foundation, Inc.
This is free software; see the source for copying conditions.  There is NO
warranty; not even for MERCHANTABILITY or FITNESS FOR A PARTICULAR PURPOSE.

configure:7510: $? = 0
configure:7499: g++ -v >&5
Using built-in specs.
COLLECT_GCC=g++
COLLECT_LTO_WRAPPER=/usr/local/Cellar/gcc/4.9.1/libexec/gcc/x86_64-apple-darwin13.3.0/4.9.1/lto-wrapper
Target: x86_64-apple-darwin13.3.0
Configured with: ../configure --build=x86_64-apple-darwin13.3.0 --prefix=/usr/local/Cellar/gcc/4.9.1 --enable-languages=c,c++,objc,obj-c++,fortran --program-suffix=-4.9 --with-gmp=/usr/local/opt/gmp --with-mpfr=/usr/local/opt/mpfr --with-mpc=/usr/local/opt/libmpc --with-cloog=/usr/local/opt/cloog --with-isl=/usr/local/opt/isl --with-system-zlib --enable-version-specific-runtime-libs --enable-libstdcxx-time=yes --enable-stage1-checking --enable-checking=release --enable-lto --disable-werror --with-pkgversion='Homebrew gcc 4.9.1' --with-bugurl=https://github.com/Homebrew/homebrew/issues --enable-plugin --disable-nls --enable-multilib
Thread model: posix
gcc version 4.9.1 (Homebrew gcc 4.9.1) 
configure:7510: $? = 0
configure:7499: g++ -V >&5
g++: error: unrecognized command line option '-V'
g++: fatal error: no input files
compilation terminated.
configure:7510: $? = 1
configure:7499: g++ -qversion >&5
g++: error: unrecognized command line option '-qversion'
g++: fatal error: no input files
compilation terminated.
configure:7510: $? = 1
configure:7514: checking whether we are using the GNU C++ compiler
configure:7542: result: yes
configure:7551: checking whether g++ accepts -g
configure:7612: result: yes
configure:7637: checking dependency style of g++
configure:7747: result: gcc3
configure:7770: checking how to run the C++ preprocessor
configure:7797: g++ -E  conftest.cpp
configure:7797: $? = 0
configure:7811: g++ -E  conftest.cpp
conftest.cpp:22:28: fatal error: ac_nonexistent.h: No such file or directory
 #include <ac_nonexistent.h>
                            ^
compilation terminated.
configure:7811: $? = 1
configure: failed program was:
| /* confdefs.h */
| #define PACKAGE_NAME ""
| #define PACKAGE_TARNAME ""
| #define PACKAGE_VERSION ""
| #define PACKAGE_STRING ""
| #define PACKAGE_BUGREPORT ""
| #define PACKAGE_URL ""
| #define PACKAGE "libsequence"
| #define VERSION "1.7.3"
| #define STDC_HEADERS 1
| #define HAVE_SYS_TYPES_H 1
| #define HAVE_SYS_STAT_H 1
| #define HAVE_STDLIB_H 1
| #define HAVE_STRING_H 1
| #define HAVE_MEMORY_H 1
| #define HAVE_STRINGS_H 1
| #define HAVE_INTTYPES_H 1
| #define HAVE_STDINT_H 1
| #define HAVE_UNISTD_H 1
| #define HAVE_DLFCN_H 1
| /* end confdefs.h.  */
| #include <ac_nonexistent.h>
configure:7836: result: g++ -E
configure:7856: g++ -E  conftest.cpp
configure:7856: $? = 0
configure:7870: g++ -E  conftest.cpp
conftest.cpp:22:28: fatal error: ac_nonexistent.h: No such file or directory
 #include <ac_nonexistent.h>
                            ^
compilation terminated.
configure:7870: $? = 1
configure: failed program was:
| /* confdefs.h */
| #define PACKAGE_NAME ""
| #define PACKAGE_TARNAME ""
| #define PACKAGE_VERSION ""
| #define PACKAGE_STRING ""
| #define PACKAGE_BUGREPORT ""
| #define PACKAGE_URL ""
| #define PACKAGE "libsequence"
| #define VERSION "1.7.3"
| #define STDC_HEADERS 1
| #define HAVE_SYS_TYPES_H 1
| #define HAVE_SYS_STAT_H 1
| #define HAVE_STDLIB_H 1
| #define HAVE_STRING_H 1
| #define HAVE_MEMORY_H 1
| #define HAVE_STRINGS_H 1
| #define HAVE_INTTYPES_H 1
| #define HAVE_STDINT_H 1
| #define HAVE_UNISTD_H 1
| #define HAVE_DLFCN_H 1
| /* end confdefs.h.  */
| #include <ac_nonexistent.h>
configure:8076: checking for objdir
configure:8091: result: .libs
configure:8387: checking if gcc supports -fno-rtti -fno-exceptions
configure:8405: gcc -c -g -O2  -fno-rtti -fno-exceptions conftest.c >&5
cc1: warning: command line option '-fno-rtti' is valid for C++/ObjC++ but not for C
configure:8409: $? = 0
configure:8422: result: no
configure:8442: checking for gcc option to produce PIC
configure:8714: result: -fno-common -DPIC
configure:8726: checking if gcc PIC flag -fno-common -DPIC works
configure:8744: gcc -c -g -O2  -fno-common -DPIC -DPIC conftest.c >&5
configure:8748: $? = 0
configure:8761: result: yes
configure:8785: checking if gcc static flag -static works
configure:8813: result: no
configure:8828: checking if gcc supports -c -o file.o
configure:8849: gcc -c -g -O2  -o out/conftest2.o conftest.c >&5
configure:8853: $? = 0
configure:8875: result: yes
configure:8883: checking if gcc supports -c -o file.o
configure:8930: result: yes
configure:8963: checking whether the gcc linker (/usr/bin/ld) supports shared libraries
configure:9954: result: yes
configure:10193: checking dynamic linker characteristics
configure:10856: result: darwin13.3.0 dyld
configure:10958: checking how to hardcode library paths into programs
configure:10983: result: immediate
configure:11503: checking whether stripping libraries is possible
configure:11517: result: yes
configure:11543: checking if libtool supports shared libraries
configure:11545: result: yes
configure:11548: checking whether to build shared libraries
configure:11569: result: yes
configure:11572: checking whether to build static libraries
configure:11576: result: yes
configure:11726: checking for ld used by g++
configure:11793: result: /usr/bin/ld
configure:11800: checking if the linker (/usr/bin/ld) is GNU ld
configure:11815: result: no
configure:11870: checking whether the g++ linker (/usr/bin/ld) supports shared libraries
configure:12783: result: yes
configure:12811: g++ -c -g -O2  conftest.cpp >&5
configure:12814: $? = 0
configure:12996: checking for g++ option to produce PIC
configure:13313: result: -fno-common -DPIC
configure:13322: checking if g++ PIC flag -fno-common -DPIC works
configure:13340: g++ -c -g -O2  -fno-common -DPIC -DPIC conftest.cpp >&5
configure:13344: $? = 0
configure:13357: result: yes
configure:13378: checking if g++ static flag -static works
configure:13406: result: no
configure:13418: checking if g++ supports -c -o file.o
configure:13439: g++ -c -g -O2  -o out/conftest2.o conftest.cpp >&5
configure:13443: $? = 0
configure:13465: result: yes
configure:13470: checking if g++ supports -c -o file.o
configure:13517: result: yes
configure:13547: checking whether the g++ linker (/usr/bin/ld) supports shared libraries
configure:13576: result: yes
configure:13713: checking dynamic linker characteristics
configure:14324: result: darwin13.3.0 dyld
configure:14375: checking how to hardcode library paths into programs
configure:14400: result: immediate
configure:14462: checking for gawk
configure:14489: result: awk
configure:14506: checking for an ANSI C-conforming const
configure:14571: g++ -c -g -O2  conftest.cpp >&5
configure:14571: $? = 0
configure:14578: result: yes
configure:14586: checking for inline
configure:14602: g++ -c -g -O2  conftest.cpp >&5
configure:14602: $? = 0
configure:14610: result: inline
configure:14630: checking ieeefp.h usability
configure:14630: g++ -c -g -O2  conftest.cpp >&5
conftest.cpp:56:20: fatal error: ieeefp.h: No such file or directory
 #include <ieeefp.h>
                    ^
compilation terminated.
configure:14630: $? = 1
configure: failed program was:
| /* confdefs.h */
| #define PACKAGE_NAME ""
| #define PACKAGE_TARNAME ""
| #define PACKAGE_VERSION ""
| #define PACKAGE_STRING ""
| #define PACKAGE_BUGREPORT ""
| #define PACKAGE_URL ""
| #define PACKAGE "libsequence"
| #define VERSION "1.7.3"
| #define STDC_HEADERS 1
| #define HAVE_SYS_TYPES_H 1
| #define HAVE_SYS_STAT_H 1
| #define HAVE_STDLIB_H 1
| #define HAVE_STRING_H 1
| #define HAVE_MEMORY_H 1
| #define HAVE_STRINGS_H 1
| #define HAVE_INTTYPES_H 1
| #define HAVE_STDINT_H 1
| #define HAVE_UNISTD_H 1
| #define HAVE_DLFCN_H 1
| #define LT_OBJDIR ".libs/"
| /* end confdefs.h.  */
| #include <stdio.h>
| #ifdef HAVE_SYS_TYPES_H
| # include <sys/types.h>
| #endif
| #ifdef HAVE_SYS_STAT_H
| # include <sys/stat.h>
| #endif
| #ifdef STDC_HEADERS
| # include <stdlib.h>
| # include <stddef.h>
| #else
| # ifdef HAVE_STDLIB_H
| #  include <stdlib.h>
| # endif
| #endif
| #ifdef HAVE_STRING_H
| # if !defined STDC_HEADERS && defined HAVE_MEMORY_H
| #  include <memory.h>
| # endif
| # include <string.h>
| #endif
| #ifdef HAVE_STRINGS_H
| # include <strings.h>
| #endif
| #ifdef HAVE_INTTYPES_H
| # include <inttypes.h>
| #endif
| #ifdef HAVE_STDINT_H
| # include <stdint.h>
| #endif
| #ifdef HAVE_UNISTD_H
| # include <unistd.h>
| #endif
| #include <ieeefp.h>
configure:14630: result: no
configure:14630: checking ieeefp.h presence
configure:14630: g++ -E  conftest.cpp
conftest.cpp:23:20: fatal error: ieeefp.h: No such file or directory
 #include <ieeefp.h>
                    ^
compilation terminated.
configure:14630: $? = 1
configure: failed program was:
| /* confdefs.h */
| #define PACKAGE_NAME ""
| #define PACKAGE_TARNAME ""
| #define PACKAGE_VERSION ""
| #define PACKAGE_STRING ""
| #define PACKAGE_BUGREPORT ""
| #define PACKAGE_URL ""
| #define PACKAGE "libsequence"
| #define VERSION "1.7.3"
| #define STDC_HEADERS 1
| #define HAVE_SYS_TYPES_H 1
| #define HAVE_SYS_STAT_H 1
| #define HAVE_STDLIB_H 1
| #define HAVE_STRING_H 1
| #define HAVE_MEMORY_H 1
| #define HAVE_STRINGS_H 1
| #define HAVE_INTTYPES_H 1
| #define HAVE_STDINT_H 1
| #define HAVE_UNISTD_H 1
| #define HAVE_DLFCN_H 1
| #define LT_OBJDIR ".libs/"
| /* end confdefs.h.  */
| #include <ieeefp.h>
configure:14630: result: no
configure:14630: checking for ieeefp.h
configure:14630: result: no
configure:14644: checking for ANSI C header files
configure:14748: result: yes
configure:14757: checking whether the compiler supports extern declarations for explicit instantiations
configure:14780: g++ -c -g -O2  conftest.cpp >&5
configure:14780: $? = 0
configure:14794: result: yes
configure:14809: checking strstream usability
configure:14809: g++ -c -g -O2  conftest.cpp >&5
In file included from /usr/local/Cellar/gcc/4.9.1/lib/gcc/x86_64-apple-darwin13.3.0/4.9.1/include/c++/backward/strstream:51:0,
                 from conftest.cpp:57:
/usr/local/Cellar/gcc/4.9.1/lib/gcc/x86_64-apple-darwin13.3.0/4.9.1/include/c++/backward/backward_warning.h:32:2: warning: #warning This file includes at least one deprecated or antiquated header which may be removed without further notice at a future date. Please use a non-deprecated interface with equivalent functionality instead. For a listing of replacement headers and interfaces, consult the file backward_warning.h. To disable this warning use -Wno-deprecated. [-Wcpp]
 #warning \
  ^
configure:14809: $? = 0
configure:14809: result: yes
configure:14809: checking strstream presence
configure:14809: g++ -E  conftest.cpp
In file included from /usr/local/Cellar/gcc/4.9.1/lib/gcc/x86_64-apple-darwin13.3.0/4.9.1/include/c++/backward/strstream:51:0,
                 from conftest.cpp:24:
/usr/local/Cellar/gcc/4.9.1/lib/gcc/x86_64-apple-darwin13.3.0/4.9.1/include/c++/backward/backward_warning.h:32:2: warning: #warning This file includes at least one deprecated or antiquated header which may be removed without further notice at a future date. Please use a non-deprecated interface with equivalent functionality instead. For a listing of replacement headers and interfaces, consult the file backward_warning.h. To disable this warning use -Wno-deprecated. [-Wcpp]
 #warning \
  ^
configure:14809: $? = 0
configure:14809: result: yes
configure:14809: checking for strstream
configure:14809: result: yes
configure:14815: checking sstream usability
configure:14815: g++ -c -g -O2  conftest.cpp >&5
configure:14815: $? = 0
configure:14815: result: yes
configure:14815: checking sstream presence
configure:14815: g++ -E  conftest.cpp
configure:14815: $? = 0
configure:14815: result: yes
configure:14815: checking for sstream
configure:14815: result: yes
configure:14838: checking limits usability
configure:14838: g++ -c -g -O2  conftest.cpp >&5
configure:14838: $? = 0
configure:14838: result: yes
configure:14838: checking limits presence
configure:14838: g++ -E  conftest.cpp
configure:14838: $? = 0
configure:14838: result: yes
configure:14838: checking for limits
configure:14838: result: yes
configure:14844: checking climits usability
configure:14844: g++ -c -g -O2  conftest.cpp >&5
configure:14844: $? = 0
configure:14844: result: yes
configure:14844: checking climits presence
configure:14844: g++ -E  conftest.cpp
configure:14844: $? = 0
configure:14844: result: yes
configure:14844: checking for climits
configure:14844: result: yes
configure:14867: checking boost/type_traits.hpp usability
configure:14867: g++ -c -g -O2  conftest.cpp >&5
configure:14867: $? = 0
configure:14867: result: yes
configure:14867: checking boost/type_traits.hpp presence
configure:14867: g++ -E  conftest.cpp
configure:14867: $? = 0
configure:14867: result: yes
configure:14867: checking for boost/type_traits.hpp
configure:14867: result: yes
configure:14875: checking boost/utility.hpp usability
configure:14875: g++ -c -g -O2  conftest.cpp >&5
configure:14875: $? = 0
configure:14875: result: yes
configure:14875: checking boost/utility.hpp presence
configure:14875: g++ -E  conftest.cpp
configure:14875: $? = 0
configure:14875: result: yes
configure:14875: checking for boost/utility.hpp
configure:14875: result: yes
configure:14883: checking boost/static_assert.hpp usability
configure:14883: g++ -c -g -O2  conftest.cpp >&5
configure:14883: $? = 0
configure:14883: result: yes
configure:14883: checking boost/static_assert.hpp presence
configure:14883: g++ -E  conftest.cpp
configure:14883: $? = 0
configure:14883: result: yes
configure:14883: checking for boost/static_assert.hpp
configure:14883: result: yes
configure:14893: checking boost/tuple/tuple.hpp usability
configure:14893: g++ -c -g -O2  conftest.cpp >&5
configure:14893: $? = 0
configure:14893: result: yes
configure:14893: checking boost/tuple/tuple.hpp presence
configure:14893: g++ -E  conftest.cpp
configure:14893: $? = 0
configure:14893: result: yes
configure:14893: checking for boost/tuple/tuple.hpp
configure:14893: result: yes
configure:14902: checking whether time.h and sys/time.h may both be included
configure:14922: g++ -c -g -O2  conftest.cpp >&5
configure:14922: $? = 0
configure:14929: result: yes
configure:14940: checking utime.h usability
configure:14940: g++ -c -g -O2  conftest.cpp >&5
configure:14940: $? = 0
configure:14940: result: yes
configure:14940: checking utime.h presence
configure:14940: g++ -E  conftest.cpp
configure:14940: $? = 0
configure:14940: result: yes
configure:14940: checking for utime.h
configure:14940: result: yes
configure:14951: checking for struct utimbuf
configure:14981: g++ -c -g -O2  conftest.cpp >&5
configure:14981: $? = 0
configure:14989: result: yes
configure:15000: checking whether sys/types.h defines makedev
configure:15016: g++ -o conftest -g -O2   conftest.cpp  >&5
configure:15016: $? = 0
configure:15025: result: yes
configure:15221: creating ./config.status

## ---------------------- ##
## Running config.status. ##
## ---------------------- ##

This file was extended by config.status, which was
generated by GNU Autoconf 2.65.  Invocation command line was

  CONFIG_FILES    = 
  CONFIG_HEADERS  = 
  CONFIG_LINKS    = 
  CONFIG_COMMANDS = 
  $ ./config.status 

on pranavs-MacBook-Pro.local

config.status:1155: creating Makefile
config.status:1155: creating src/Makefile
config.status:1155: creating Sequence/Makefile
config.status:1155: creating Sequence/bits/Makefile
config.status:1155: creating Sequence/Portability/Makefile
config.status:1155: creating Sequence/Coalescent/Makefile
config.status:1155: creating Sequence/Coalescent/bits/Makefile
config.status:1155: creating Sequence/RNG/Makefile
config.status:1155: creating libsequence2.lsm
config.status:1155: creating libsequence2.spec
config.status:1155: creating config.h
config.status:1327: config.h is unchanged
config.status:1375: executing depfiles commands
config.status:1375: executing libtool commands

## ---------------- ##
## Cache variables. ##
## ---------------- ##

ac_cv_build=i686-apple-darwin13.3.0
ac_cv_c_compiler_gnu=yes
ac_cv_c_const=yes
ac_cv_c_inline=inline
ac_cv_cxx_compiler_gnu=yes
ac_cv_cxx_typename=yes
ac_cv_env_CCC_set=
ac_cv_env_CCC_value=
ac_cv_env_CC_set=
ac_cv_env_CC_value=
ac_cv_env_CFLAGS_set=
ac_cv_env_CFLAGS_value=
ac_cv_env_CPPFLAGS_set=
ac_cv_env_CPPFLAGS_value=
ac_cv_env_CPP_set=
ac_cv_env_CPP_value=
ac_cv_env_CXXCPP_set=
ac_cv_env_CXXCPP_value=
ac_cv_env_CXXFLAGS_set=
ac_cv_env_CXXFLAGS_value=
ac_cv_env_CXX_set=
ac_cv_env_CXX_value=
ac_cv_env_LDFLAGS_set=
ac_cv_env_LDFLAGS_value=
ac_cv_env_LIBS_set=
ac_cv_env_LIBS_value=
ac_cv_env_build_alias_set=
ac_cv_env_build_alias_value=
ac_cv_env_host_alias_set=
ac_cv_env_host_alias_value=
ac_cv_env_target_alias_set=
ac_cv_env_target_alias_value=
ac_cv_header_boost_static_assert_hpp=yes
ac_cv_header_boost_tuple_tuple_hpp=yes
ac_cv_header_boost_type_traits_hpp=yes
ac_cv_header_boost_utility_hpp=yes
ac_cv_header_climits=yes
ac_cv_header_dlfcn_h=yes
ac_cv_header_ieeefp_h=no
ac_cv_header_inttypes_h=yes
ac_cv_header_limits=yes
ac_cv_header_memory_h=yes
ac_cv_header_sstream=yes
ac_cv_header_stdc=yes
ac_cv_header_stdint_h=yes
ac_cv_header_stdlib_h=yes
ac_cv_header_string_h=yes
ac_cv_header_strings_h=yes
ac_cv_header_strstream=yes
ac_cv_header_sys_stat_h=yes
ac_cv_header_sys_types_h=yes
ac_cv_header_sys_types_h_makedev=yes
ac_cv_header_time=yes
ac_cv_header_unistd_h=yes
ac_cv_header_utime_h=yes
ac_cv_host=i686-apple-darwin13.3.0
ac_cv_objext=o
ac_cv_path_EGREP='/usr/bin/grep -E'
ac_cv_path_FGREP='/usr/bin/grep -F'
ac_cv_path_GREP=/usr/bin/grep
ac_cv_path_SED=/usr/bin/sed
ac_cv_path_install='/usr/bin/install -c'
ac_cv_prog_AWK=awk
ac_cv_prog_CPP='gcc -E'
ac_cv_prog_CXXCPP='g++ -E'
ac_cv_prog_ac_ct_AR=ar
ac_cv_prog_ac_ct_CC=gcc
ac_cv_prog_ac_ct_CXX=g++
ac_cv_prog_ac_ct_DSYMUTIL=dsymutil
ac_cv_prog_ac_ct_LIPO=lipo
ac_cv_prog_ac_ct_NMEDIT=nmedit
ac_cv_prog_ac_ct_OTOOL=otool
ac_cv_prog_ac_ct_RANLIB=ranlib
ac_cv_prog_ac_ct_STRIP=strip
ac_cv_prog_cc_c89=
ac_cv_prog_cc_g=yes
ac_cv_prog_cxx_g=yes
ac_cv_prog_make_make_set=yes
am_cv_CC_dependencies_compiler_type=gcc3
am_cv_CXX_dependencies_compiler_type=gcc3
fu_cv_sys_struct_utimbuf=yes
lt_cv_apple_cc_single_mod=yes
lt_cv_deplibs_check_method=pass_all
lt_cv_file_magic_cmd='$MAGIC_CMD'
lt_cv_file_magic_test_file=
lt_cv_ld_exported_symbols_list=yes
lt_cv_ld_reload_flag=-r
lt_cv_nm_interface='BSD nm'
lt_cv_objdir=.libs
lt_cv_path_LD=/usr/bin/ld
lt_cv_path_LDCXX=/usr/bin/ld
lt_cv_path_NM=/usr/bin/nm
lt_cv_prog_compiler_c_o=yes
lt_cv_prog_compiler_c_o_CXX=yes
lt_cv_prog_compiler_pic_works=yes
lt_cv_prog_compiler_pic_works_CXX=yes
lt_cv_prog_compiler_rtti_exceptions=no
lt_cv_prog_compiler_static_works=no
lt_cv_prog_compiler_static_works_CXX=no
lt_cv_prog_gnu_ld=no
lt_cv_prog_gnu_ldcxx=no
lt_cv_sys_global_symbol_pipe='sed -n -e '\''s/^.*[	 ]\([BCDEGRST][BCDEGRST]*\)[	 ][	 ]*_\([_A-Za-z][_A-Za-z0-9]*\)$/\1 _\2 \2/p'\'''
lt_cv_sys_global_symbol_to_c_name_address='sed -n -e '\''s/^: \([^ ]*\) $/  {\"\1\", (void *) 0},/p'\'' -e '\''s/^[BCDEGRST]* \([^ ]*\) \([^ ]*\)$/  {"\2", (void *) \&\2},/p'\'''
lt_cv_sys_global_symbol_to_c_name_address_lib_prefix='sed -n -e '\''s/^: \([^ ]*\) $/  {\"\1\", (void *) 0},/p'\'' -e '\''s/^[BCDEGRST]* \([^ ]*\) \(lib[^ ]*\)$/  {"\2", (void *) \&\2},/p'\'' -e '\''s/^[BCDEGRST]* \([^ ]*\) \([^ ]*\)$/  {"lib\2", (void *) \&\2},/p'\'''
lt_cv_sys_global_symbol_to_cdecl='sed -n -e '\''s/^T .* \(.*\)$/extern int \1();/p'\'' -e '\''s/^[BCDEGRST]* .* \(.*\)$/extern char \1;/p'\'''
lt_cv_sys_max_cmd_len=196608

## ----------------- ##
## Output variables. ##
## ----------------- ##

ACLOCAL='aclocal-1.11'
AMDEPBACKSLASH='\'
AMDEP_FALSE='#'
AMDEP_TRUE=''
AMTAR='tar'
AR='ar'
AUTOCONF='autoconf'
AUTOHEADER='autoheader'
AUTOMAKE='automake-1.11'
AWK='awk'
CC='gcc'
CCDEPMODE='depmode=gcc3'
CFLAGS='-g -O2'
CPP='gcc -E'
CPPFLAGS=''
CXX='g++'
CXXCPP='g++ -E'
CXXDEPMODE='depmode=gcc3'
CXXFLAGS='-g -O2'
CYGPATH_W='echo'
DEBUG_FALSE=''
DEBUG_TRUE='#'
DEFS='-DHAVE_CONFIG_H'
DEPDIR='.deps'
DSYMUTIL='dsymutil'
DUMPBIN=''
ECHO_C='\c'
ECHO_N=''
ECHO_T=''
EGREP='/usr/bin/grep -E'
EXEEXT=''
FGREP='/usr/bin/grep -F'
GFIVEOPT_FALSE=''
GFIVEOPT_TRUE='#'
GFOUROPT_FALSE=''
GFOUROPT_TRUE='#'
GREP='/usr/bin/grep'
HAVE_CLIMITS_FALSE='#'
HAVE_CLIMITS_TRUE=''
HAVE_EXTERN_EXPLICIT_INSTANTIATION_FALSE='#'
HAVE_EXTERN_EXPLICIT_INSTANTIATION_TRUE=''
HAVE_IEEEFP_FALSE=''
HAVE_IEEEFP_TRUE='#'
HAVE_LIMITS_FALSE='#'
HAVE_LIMITS_TRUE=''
HAVE_SSTREAM_FALSE='#'
HAVE_SSTREAM_TRUE=''
HAVE_STRSTREAM_FALSE='#'
HAVE_STRSTREAM_TRUE=''
INSTALL_DATA='${INSTALL} -m 644'
INSTALL_PROGRAM='${INSTALL}'
INSTALL_SCRIPT='${INSTALL}'
INSTALL_STRIP_PROGRAM='$(install_sh) -c -s'
ISODATE='2014-09-12'
LD='/usr/bin/ld'
LDFLAGS=''
LIBOBJS=''
LIBS=''
LIBTOOL='$(SHELL) $(top_builddir)/libtool'
LIPO='lipo'
LN_S='ln -s'
LTLIBOBJS=''
MAKEINFO='makeinfo'
MKDIR_P='./install-sh -c -d'
NM='/usr/bin/nm'
NMEDIT='nmedit'
OBJDUMP='false'
OBJEXT='o'
OTOOL64=':'
OTOOL='otool'
PACKAGE='libsequence'
PACKAGE_BUGREPORT=''
PACKAGE_NAME=''
PACKAGE_STRING=''
PACKAGE_TARNAME=''
PACKAGE_URL=''
PACKAGE_VERSION=''
PATH_SEPARATOR=':'
PROFILING_FALSE=''
PROFILING_TRUE='#'
RANLIB='ranlib'
SED='/usr/bin/sed'
SET_MAKE=''
SHELL='/bin/sh'
STRIP='strip'
VERSION='1.7.3'
ac_ct_CC='gcc'
ac_ct_CXX='g++'
ac_ct_DUMPBIN=''
am__EXEEXT_FALSE=''
am__EXEEXT_TRUE='#'
am__fastdepCC_FALSE='#'
am__fastdepCC_TRUE=''
am__fastdepCXX_FALSE='#'
am__fastdepCXX_TRUE=''
am__include='include'
am__isrc=''
am__leading_dot='.'
am__quote=''
am__tar='${AMTAR} chof - "$$tardir"'
am__untar='${AMTAR} xf -'
bindir='${exec_prefix}/bin'
build='i686-apple-darwin13.3.0'
build_alias=''
build_cpu='i686'
build_os='darwin13.3.0'
build_vendor='apple'
datadir='${datarootdir}'
datarootdir='${prefix}/share'
docdir='${datarootdir}/doc/${PACKAGE}'
dvidir='${docdir}'
exec_prefix='${prefix}'
host='i686-apple-darwin13.3.0'
host_alias=''
host_cpu='i686'
host_os='darwin13.3.0'
host_vendor='apple'
htmldir='${docdir}'
includedir='${prefix}/include'
infodir='${datarootdir}/info'
install_sh='${SHELL} /Users/PranavsMac/bio/src/c++/libsequence-1.7.3/install-sh'
libdir='${exec_prefix}/lib'
libexecdir='${exec_prefix}/libexec'
localedir='${datarootdir}/locale'
localstatedir='${prefix}/var'
lt_ECHO='/bin/echo'
mandir='${datarootdir}/man'
mkdir_p='$(top_builddir)/./install-sh -c -d'
oldincludedir='/usr/include'
pdfdir='${docdir}'
prefix='/usr/local'
program_transform_name='s,x,x,'
psdir='${docdir}'
sbindir='${exec_prefix}/sbin'
sharedstatedir='${prefix}/com'
sysconfdir='${prefix}/etc'
target_alias=''

## ----------- ##
## confdefs.h. ##
## ----------- ##

/* confdefs.h */
#define PACKAGE_NAME ""
#define PACKAGE_TARNAME ""
#define PACKAGE_VERSION ""
#define PACKAGE_STRING ""
#define PACKAGE_BUGREPORT ""
#define PACKAGE_URL ""
#define PACKAGE "libsequence"
#define VERSION "1.7.3"
#define STDC_HEADERS 1
#define HAVE_SYS_TYPES_H 1
#define HAVE_SYS_STAT_H 1
#define HAVE_STDLIB_H 1
#define HAVE_STRING_H 1
#define HAVE_MEMORY_H 1
#define HAVE_STRINGS_H 1
#define HAVE_INTTYPES_H 1
#define HAVE_STDINT_H 1
#define HAVE_UNISTD_H 1
#define HAVE_DLFCN_H 1
#define LT_OBJDIR ".libs/"
#define STDC_HEADERS 1
#define TIME_WITH_SYS_TIME 1
#define HAVE_UTIME_H 1
#define HAVE_STRUCT_UTIMBUF 1

configure: exit 0
